[debug] [2025-03-23T06:00:10.865Z] ----------------------------------------------------------------------
[debug] [2025-03-23T06:00:10.867Z] Command:       /usr/local/bin/firebase /Users/k0r013i/.cache/firebase/tools/lib/node_modules/firebase-tools/lib/bin/firebase deploy
[debug] [2025-03-23T06:00:10.868Z] CLI Version:   13.5.2
[debug] [2025-03-23T06:00:10.868Z] Platform:      darwin
[debug] [2025-03-23T06:00:10.869Z] Node Version:  v18.5.0
[debug] [2025-03-23T06:00:10.874Z] Time:          Sun Mar 23 2025 01:00:10 GMT-0500 (Central Daylight Time)
[debug] [2025-03-23T06:00:10.874Z] ----------------------------------------------------------------------
[debug] 
[debug] [2025-03-23T06:00:11.023Z] > command requires scopes: ["email","openid","https://www.googleapis.com/auth/cloudplatformprojects.readonly","https://www.googleapis.com/auth/firebase","https://www.googleapis.com/auth/cloud-platform"]
[debug] [2025-03-23T06:00:11.026Z] > authorizing via signed-in user (ksrajput.basic@gmail.com)
[debug] [2025-03-23T06:00:11.027Z] [iam] checking project ipl2020-ui for permissions ["firebase.projects.get","firebasehosting.sites.update"]
[debug] [2025-03-23T06:00:11.029Z] > refreshing access token with scopes: []
[debug] [2025-03-23T06:00:11.031Z] >>> [apiv2][query] POST https://www.googleapis.com/oauth2/v3/token [none]
[debug] [2025-03-23T06:00:11.033Z] >>> [apiv2][body] POST https://www.googleapis.com/oauth2/v3/token [omitted]
[debug] [2025-03-23T06:00:11.284Z] <<< [apiv2][status] POST https://www.googleapis.com/oauth2/v3/token 400
[debug] [2025-03-23T06:00:11.287Z] <<< [apiv2][body] POST https://www.googleapis.com/oauth2/v3/token [omitted]
[debug] [2025-03-23T06:00:11.289Z] >>> [apiv2][query] POST https://cloudresourcemanager.googleapis.com/v1/projects/ipl2020-ui:testIamPermissions [none]
[debug] [2025-03-23T06:00:11.289Z] >>> [apiv2][(partial)header] POST https://cloudresourcemanager.googleapis.com/v1/projects/ipl2020-ui:testIamPermissions x-goog-quota-user=projects/ipl2020-ui
[debug] [2025-03-23T06:00:11.289Z] >>> [apiv2][body] POST https://cloudresourcemanager.googleapis.com/v1/projects/ipl2020-ui:testIamPermissions {"permissions":["firebase.projects.get","firebasehosting.sites.update"]}
[debug] [2025-03-23T06:00:11.489Z] <<< [apiv2][status] POST https://cloudresourcemanager.googleapis.com/v1/projects/ipl2020-ui:testIamPermissions 401
[debug] [2025-03-23T06:00:11.493Z] <<< [apiv2][body] POST https://cloudresourcemanager.googleapis.com/v1/projects/ipl2020-ui:testIamPermissions {"error":{"code":401,"message":"Request had invalid authentication credentials. Expected OAuth 2 access token, login cookie or other valid authentication credential. See https://developers.google.com/identity/sign-in/web/devconsole-project.","status":"UNAUTHENTICATED","details":[{"@type":"type.googleapis.com/google.rpc.ErrorInfo","reason":"ACCESS_TOKEN_TYPE_UNSUPPORTED","metadata":{"service":"cloudresourcemanager.googleapis.com","method":"google.cloudresourcemanager.v1.Projects.TestIamPermissions"}}]}}
[debug] [2025-03-23T06:00:11.495Z] [iam] error while checking permissions, command may fail: FirebaseError: HTTP Error: 401, Request had invalid authentication credentials. Expected OAuth 2 access token, login cookie or other valid authentication credential. See https://developers.google.com/identity/sign-in/web/devconsole-project.
[debug] [2025-03-23T06:00:11.496Z] > refreshing access token with scopes: []
[debug] [2025-03-23T06:00:11.497Z] >>> [apiv2][query] POST https://www.googleapis.com/oauth2/v3/token [none]
[debug] [2025-03-23T06:00:11.497Z] >>> [apiv2][body] POST https://www.googleapis.com/oauth2/v3/token [omitted]
[debug] [2025-03-23T06:00:11.634Z] <<< [apiv2][status] POST https://www.googleapis.com/oauth2/v3/token 400
[debug] [2025-03-23T06:00:11.634Z] <<< [apiv2][body] POST https://www.googleapis.com/oauth2/v3/token [omitted]
[debug] [2025-03-23T06:00:11.635Z] >>> [apiv2][query] GET https://firebase.googleapis.com/v1beta1/projects/ipl2020-ui [none]
[debug] [2025-03-23T06:00:11.880Z] <<< [apiv2][status] GET https://firebase.googleapis.com/v1beta1/projects/ipl2020-ui 401
[debug] [2025-03-23T06:00:11.880Z] <<< [apiv2][body] GET https://firebase.googleapis.com/v1beta1/projects/ipl2020-ui {"error":{"code":401,"message":"Request had invalid authentication credentials. Expected OAuth 2 access token, login cookie or other valid authentication credential. See https://developers.google.com/identity/sign-in/web/devconsole-project.","status":"UNAUTHENTICATED"}}
[debug] [2025-03-23T06:00:11.881Z] HTTP Error: 401, Request had invalid authentication credentials. Expected OAuth 2 access token, login cookie or other valid authentication credential. See https://developers.google.com/identity/sign-in/web/devconsole-project.
[error] 
[error] Error: Assertion failed: resolving hosting target of a site with no site name or target name. This should have caused an error earlier
[debug] [2025-03-23T06:27:43.897Z] ----------------------------------------------------------------------
[debug] [2025-03-23T06:27:43.899Z] Command:       /usr/local/bin/firebase /Users/k0r013i/.cache/firebase/tools/lib/node_modules/firebase-tools/lib/bin/firebase deploy
[debug] [2025-03-23T06:27:43.900Z] CLI Version:   13.5.2
[debug] [2025-03-23T06:27:43.900Z] Platform:      darwin
[debug] [2025-03-23T06:27:43.900Z] Node Version:  v18.5.0
[debug] [2025-03-23T06:27:43.905Z] Time:          Sun Mar 23 2025 01:27:43 GMT-0500 (Central Daylight Time)
[debug] [2025-03-23T06:27:43.906Z] ----------------------------------------------------------------------
[debug] 
[debug] [2025-03-23T06:27:44.049Z] > command requires scopes: ["email","openid","https://www.googleapis.com/auth/cloudplatformprojects.readonly","https://www.googleapis.com/auth/firebase","https://www.googleapis.com/auth/cloud-platform"]
[debug] [2025-03-23T06:27:44.050Z] > authorizing via signed-in user (ksrajput.basic@gmail.com)
[debug] [2025-03-23T06:27:44.051Z] [iam] checking project ipl2020-ui for permissions ["firebase.projects.get","firebasehosting.sites.update"]
[debug] [2025-03-23T06:27:44.054Z] > refreshing access token with scopes: []
[debug] [2025-03-23T06:27:44.056Z] >>> [apiv2][query] POST https://www.googleapis.com/oauth2/v3/token [none]
[debug] [2025-03-23T06:27:44.058Z] >>> [apiv2][body] POST https://www.googleapis.com/oauth2/v3/token [omitted]
[debug] [2025-03-23T06:27:44.284Z] <<< [apiv2][status] POST https://www.googleapis.com/oauth2/v3/token 400
[debug] [2025-03-23T06:27:44.286Z] <<< [apiv2][body] POST https://www.googleapis.com/oauth2/v3/token [omitted]
[debug] [2025-03-23T06:27:44.287Z] >>> [apiv2][query] POST https://cloudresourcemanager.googleapis.com/v1/projects/ipl2020-ui:testIamPermissions [none]
[debug] [2025-03-23T06:27:44.287Z] >>> [apiv2][(partial)header] POST https://cloudresourcemanager.googleapis.com/v1/projects/ipl2020-ui:testIamPermissions x-goog-quota-user=projects/ipl2020-ui
[debug] [2025-03-23T06:27:44.287Z] >>> [apiv2][body] POST https://cloudresourcemanager.googleapis.com/v1/projects/ipl2020-ui:testIamPermissions {"permissions":["firebase.projects.get","firebasehosting.sites.update"]}
[debug] [2025-03-23T06:27:44.486Z] <<< [apiv2][status] POST https://cloudresourcemanager.googleapis.com/v1/projects/ipl2020-ui:testIamPermissions 401
[debug] [2025-03-23T06:27:44.486Z] <<< [apiv2][body] POST https://cloudresourcemanager.googleapis.com/v1/projects/ipl2020-ui:testIamPermissions {"error":{"code":401,"message":"Request had invalid authentication credentials. Expected OAuth 2 access token, login cookie or other valid authentication credential. See https://developers.google.com/identity/sign-in/web/devconsole-project.","status":"UNAUTHENTICATED","details":[{"@type":"type.googleapis.com/google.rpc.ErrorInfo","reason":"ACCESS_TOKEN_TYPE_UNSUPPORTED","metadata":{"method":"google.cloudresourcemanager.v1.Projects.TestIamPermissions","service":"cloudresourcemanager.googleapis.com"}}]}}
[debug] [2025-03-23T06:27:44.487Z] [iam] error while checking permissions, command may fail: FirebaseError: HTTP Error: 401, Request had invalid authentication credentials. Expected OAuth 2 access token, login cookie or other valid authentication credential. See https://developers.google.com/identity/sign-in/web/devconsole-project.
[debug] [2025-03-23T06:27:44.488Z] > refreshing access token with scopes: []
[debug] [2025-03-23T06:27:44.489Z] >>> [apiv2][query] POST https://www.googleapis.com/oauth2/v3/token [none]
[debug] [2025-03-23T06:27:44.490Z] >>> [apiv2][body] POST https://www.googleapis.com/oauth2/v3/token [omitted]
[debug] [2025-03-23T06:27:44.617Z] <<< [apiv2][status] POST https://www.googleapis.com/oauth2/v3/token 400
[debug] [2025-03-23T06:27:44.618Z] <<< [apiv2][body] POST https://www.googleapis.com/oauth2/v3/token [omitted]
[debug] [2025-03-23T06:27:44.618Z] >>> [apiv2][query] GET https://firebase.googleapis.com/v1beta1/projects/ipl2020-ui [none]
[debug] [2025-03-23T06:27:44.792Z] <<< [apiv2][status] GET https://firebase.googleapis.com/v1beta1/projects/ipl2020-ui 401
[debug] [2025-03-23T06:27:44.793Z] <<< [apiv2][body] GET https://firebase.googleapis.com/v1beta1/projects/ipl2020-ui {"error":{"code":401,"message":"Request had invalid authentication credentials. Expected OAuth 2 access token, login cookie or other valid authentication credential. See https://developers.google.com/identity/sign-in/web/devconsole-project.","status":"UNAUTHENTICATED"}}
[debug] [2025-03-23T06:27:44.794Z] HTTP Error: 401, Request had invalid authentication credentials. Expected OAuth 2 access token, login cookie or other valid authentication credential. See https://developers.google.com/identity/sign-in/web/devconsole-project.
[error] 
[error] Error: Assertion failed: resolving hosting target of a site with no site name or target name. This should have caused an error earlier
[debug] [2025-03-23T06:27:59.126Z] ----------------------------------------------------------------------
[debug] [2025-03-23T06:27:59.128Z] Command:       /usr/local/bin/firebase /Users/k0r013i/.cache/firebase/tools/lib/node_modules/firebase-tools/lib/bin/firebase init
[debug] [2025-03-23T06:27:59.128Z] CLI Version:   13.5.2
[debug] [2025-03-23T06:27:59.129Z] Platform:      darwin
[debug] [2025-03-23T06:27:59.129Z] Node Version:  v18.5.0
[debug] [2025-03-23T06:27:59.131Z] Time:          Sun Mar 23 2025 01:27:59 GMT-0500 (Central Daylight Time)
[debug] [2025-03-23T06:27:59.131Z] ----------------------------------------------------------------------
[debug] 
[debug] [2025-03-23T06:27:59.240Z] > command requires scopes: ["email","openid","https://www.googleapis.com/auth/cloudplatformprojects.readonly","https://www.googleapis.com/auth/firebase","https://www.googleapis.com/auth/cloud-platform"]
[debug] [2025-03-23T06:27:59.241Z] > authorizing via signed-in user (ksrajput.basic@gmail.com)
[info] 
     ######## #### ########  ######## ########     ###     ######  ########
     ##        ##  ##     ## ##       ##     ##  ##   ##  ##       ##
     ######    ##  ########  ######   ########  #########  ######  ######
     ##        ##  ##    ##  ##       ##     ## ##     ##       ## ##
     ##       #### ##     ## ######## ########  ##     ##  ######  ########

You're about to initialize a Firebase project in this directory:

  /Users/k0r013i/IdeaProjects/Cricket/ui-cric-buddhi

Before we get started, keep in mind:

  * You are initializing within an existing Firebase project directory

[info] 
=== Project Setup
[info] 
[info] First, let's associate this project directory with a Firebase project.
[info] You can create multiple project aliases by running firebase use --add, 
[info] but for now we'll just set up a default project.
[info] 
[debug] [2025-03-23T06:28:09.240Z] Using project from CLI flag: ipl2020-ui
[debug] [2025-03-23T06:28:09.244Z] > refreshing access token with scopes: []
[debug] [2025-03-23T06:28:09.245Z] >>> [apiv2][query] POST https://www.googleapis.com/oauth2/v3/token [none]
[debug] [2025-03-23T06:28:09.246Z] >>> [apiv2][body] POST https://www.googleapis.com/oauth2/v3/token [omitted]
[debug] [2025-03-23T06:28:09.456Z] <<< [apiv2][status] POST https://www.googleapis.com/oauth2/v3/token 400
[debug] [2025-03-23T06:28:09.456Z] <<< [apiv2][body] POST https://www.googleapis.com/oauth2/v3/token [omitted]
[debug] [2025-03-23T06:28:09.457Z] >>> [apiv2][query] GET https://firebase.googleapis.com/v1beta1/projects/ipl2020-ui [none]
[debug] [2025-03-23T06:28:09.654Z] <<< [apiv2][status] GET https://firebase.googleapis.com/v1beta1/projects/ipl2020-ui 401
[debug] [2025-03-23T06:28:09.655Z] <<< [apiv2][body] GET https://firebase.googleapis.com/v1beta1/projects/ipl2020-ui {"error":{"code":401,"message":"Request had invalid authentication credentials. Expected OAuth 2 access token, login cookie or other valid authentication credential. See https://developers.google.com/identity/sign-in/web/devconsole-project.","status":"UNAUTHENTICATED"}}
[debug] [2025-03-23T06:28:09.656Z] HTTP Error: 401, Request had invalid authentication credentials. Expected OAuth 2 access token, login cookie or other valid authentication credential. See https://developers.google.com/identity/sign-in/web/devconsole-project.
[debug] [2025-03-23T06:28:09.795Z] FirebaseError: HTTP Error: 401, Request had invalid authentication credentials. Expected OAuth 2 access token, login cookie or other valid authentication credential. See https://developers.google.com/identity/sign-in/web/devconsole-project.
    at responseToError (/Users/k0r013i/.cache/firebase/tools/lib/node_modules/firebase-tools/lib/responseToError.js:49:12)
    at RetryOperation._fn (/Users/k0r013i/.cache/firebase/tools/lib/node_modules/firebase-tools/lib/apiv2.js:297:77)
    at process.processTicksAndRejections (node:internal/process/task_queues:95:5)
[error] 
[error] Error: Failed to get Firebase project ipl2020-ui. Please make sure the project exists and your account has permission to access it.
[debug] [2025-03-23T06:28:36.830Z] ----------------------------------------------------------------------
[debug] [2025-03-23T06:28:36.833Z] Command:       /usr/local/bin/firebase /Users/k0r013i/.cache/firebase/tools/lib/node_modules/firebase-tools/lib/bin/firebase init
[debug] [2025-03-23T06:28:36.834Z] CLI Version:   13.5.2
[debug] [2025-03-23T06:28:36.834Z] Platform:      darwin
[debug] [2025-03-23T06:28:36.834Z] Node Version:  v18.5.0
[debug] [2025-03-23T06:28:36.840Z] Time:          Sun Mar 23 2025 01:28:36 GMT-0500 (Central Daylight Time)
[debug] [2025-03-23T06:28:36.840Z] ----------------------------------------------------------------------
[debug] 
[debug] [2025-03-23T06:28:36.985Z] > command requires scopes: ["email","openid","https://www.googleapis.com/auth/cloudplatformprojects.readonly","https://www.googleapis.com/auth/firebase","https://www.googleapis.com/auth/cloud-platform"]
[debug] [2025-03-23T06:28:36.986Z] > authorizing via signed-in user (ksrajput.basic@gmail.com)
[info] 
     ######## #### ########  ######## ########     ###     ######  ########
     ##        ##  ##     ## ##       ##     ##  ##   ##  ##       ##
     ######    ##  ########  ######   ########  #########  ######  ######
     ##        ##  ##    ##  ##       ##     ## ##     ##       ## ##
     ##       #### ##     ## ######## ########  ##     ##  ######  ########

You're about to initialize a Firebase project in this directory:

  /Users/k0r013i/IdeaProjects/Cricket/ui-cric-buddhi

Before we get started, keep in mind:

  * You are initializing within an existing Firebase project directory

[info] 
=== Project Setup
[info] 
[info] First, let's associate this project directory with a Firebase project.
[info] You can create multiple project aliases by running firebase use --add, 
[info] but for now we'll just set up a default project.
[info] 
[debug] [2025-03-23T06:28:41.206Z] Using project from CLI flag: ipl2020-ui
[debug] [2025-03-23T06:28:41.214Z] > refreshing access token with scopes: []
[debug] [2025-03-23T06:28:41.216Z] >>> [apiv2][query] POST https://www.googleapis.com/oauth2/v3/token [none]
[debug] [2025-03-23T06:28:41.217Z] >>> [apiv2][body] POST https://www.googleapis.com/oauth2/v3/token [omitted]
[debug] [2025-03-23T06:28:41.421Z] <<< [apiv2][status] POST https://www.googleapis.com/oauth2/v3/token 400
[debug] [2025-03-23T06:28:41.422Z] <<< [apiv2][body] POST https://www.googleapis.com/oauth2/v3/token [omitted]
[debug] [2025-03-23T06:28:41.422Z] >>> [apiv2][query] GET https://firebase.googleapis.com/v1beta1/projects/ipl2020-ui [none]
[debug] [2025-03-23T06:28:41.592Z] <<< [apiv2][status] GET https://firebase.googleapis.com/v1beta1/projects/ipl2020-ui 401
[debug] [2025-03-23T06:28:41.593Z] <<< [apiv2][body] GET https://firebase.googleapis.com/v1beta1/projects/ipl2020-ui {"error":{"code":401,"message":"Request had invalid authentication credentials. Expected OAuth 2 access token, login cookie or other valid authentication credential. See https://developers.google.com/identity/sign-in/web/devconsole-project.","status":"UNAUTHENTICATED"}}
[debug] [2025-03-23T06:28:41.593Z] HTTP Error: 401, Request had invalid authentication credentials. Expected OAuth 2 access token, login cookie or other valid authentication credential. See https://developers.google.com/identity/sign-in/web/devconsole-project.
[debug] [2025-03-23T06:28:41.755Z] FirebaseError: HTTP Error: 401, Request had invalid authentication credentials. Expected OAuth 2 access token, login cookie or other valid authentication credential. See https://developers.google.com/identity/sign-in/web/devconsole-project.
    at responseToError (/Users/k0r013i/.cache/firebase/tools/lib/node_modules/firebase-tools/lib/responseToError.js:49:12)
    at RetryOperation._fn (/Users/k0r013i/.cache/firebase/tools/lib/node_modules/firebase-tools/lib/apiv2.js:297:77)
    at process.processTicksAndRejections (node:internal/process/task_queues:95:5)
[error] 
[error] Error: Failed to get Firebase project ipl2020-ui. Please make sure the project exists and your account has permission to access it.
